# JRE version: OpenJDK Runtime Environment (21.0.8) (build 21.0.8+-14196175-b1038.72)
# Java VM: OpenJDK 64-Bit Server VM (21.0.8+-14196175-b1038.72, mixed mode, tiered, compressed oops, compressed class ptrs, g1 gc, windows-amd64)
GC Precious Log:
 CardTable entry size: 512
 Card Set container configuration: InlinePtr #cards 5 size 8 Array Of Cards #cards 12 size 40 Howl #buckets 4 coarsen threshold 1843 Howl Bitmap #cards 512 size 80 coarsen threshold 460 Card regions per heap region 1 cards per card region 2048
 CPUs: 8 total, 8 available
 Memory: 7103M
 Large Page Support: Disabled
 NUMA Support: Disabled
 Compressed Oops: Enabled (32-bit)
 Heap Region Size: 1M
 Heap Min Capacity: 8M
 Heap Initial Capacity: 112M
 Heap Max Capacity: 2G
 Pre-touch: Disabled
 Parallel Workers: 8
 Concurrent Workers: 2
 Concurrent Refinement Workers: 8
 Periodic GC: Disabled
Heap:
 garbage-first heap   total 290816K, used 175825K [0x0000000080000000, 0x0000000100000000)
  region size 1024K, 32 young (32768K), 3 survivors (3072K)
 Metaspace       used 155318K, committed 157824K, reserved 1245184K
  class space    used 21908K, committed 23104K, reserved 1048576K
GC Heap History (20 events):
Event: 60.360 GC heap before
{Heap before GC invocations=57 (full 0):
 garbage-first heap   total 194560K, used 176974K [0x0000000080000000, 0x0000000100000000)
  region size 1024K, 60 young (61440K), 5 survivors (5120K)
 Metaspace       used 116550K, committed 118912K, reserved 1179648K
  class space    used 16484K, committed 17600K, reserved 1048576K
}
Event: 60.394 GC heap after
{Heap after GC invocations=58 (full 0):
 garbage-first heap   total 215040K, used 145740K [0x0000000080000000, 0x0000000100000000)
  region size 1024K, 8 young (8192K), 8 survivors (8192K)
 Metaspace       used 116550K, committed 118912K, reserved 1179648K
  class space    used 16484K, committed 17600K, reserved 1048576K
}
Event: 60.400 GC heap before
{Heap before GC invocations=58 (full 0):
 garbage-first heap   total 215040K, used 145740K [0x0000000080000000, 0x0000000100000000)
  region size 1024K, 9 young (9216K), 8 survivors (8192K)
 Metaspace       used 116550K, committed 118912K, reserved 1179648K
  class space    used 16484K, committed 17600K, reserved 1048576K
}
Event: 60.410 GC heap after
{Heap after GC invocations=59 (full 0):
 garbage-first heap   total 215040K, used 148286K [0x0000000080000000, 0x0000000100000000)
  region size 1024K, 1 young (1024K), 1 survivors (1024K)
 Metaspace       used 116550K, committed 118912K, reserved 1179648K
  class space    used 16484K, committed 17600K, reserved 1048576K
}
Event: 61.692 GC heap before
{Heap before GC invocations=60 (full 0):
 garbage-first heap   total 290816K, used 206654K [0x0000000080000000, 0x0000000100000000)
  region size 1024K, 34 young (34816K), 1 survivors (1024K)
 Metaspace       used 118893K, committed 121344K, reserved 1179648K
  class space    used 16709K, committed 17920K, reserved 1048576K
}
Event: 61.698 GC heap after
{Heap after GC invocations=61 (full 0):
 garbage-first heap   total 290816K, used 157629K [0x0000000080000000, 0x0000000100000000)
  region size 1024K, 2 young (2048K), 2 survivors (2048K)
 Metaspace       used 118893K, committed 121344K, reserved 1179648K
  class space    used 16709K, committed 17920K, reserved 1048576K
}
Event: 67.263 GC heap before
{Heap before GC invocations=61 (full 0):
 garbage-first heap   total 290816K, used 237501K [0x0000000080000000, 0x0000000100000000)
  region size 1024K, 79 young (80896K), 2 survivors (2048K)
 Metaspace       used 123952K, committed 126400K, reserved 1179648K
  class space    used 17390K, committed 18560K, reserved 1048576K
}
Event: 67.283 GC heap after
{Heap after GC invocations=62 (full 0):
 garbage-first heap   total 290816K, used 164569K [0x0000000080000000, 0x0000000100000000)
  region size 1024K, 10 young (10240K), 10 survivors (10240K)
 Metaspace       used 123952K, committed 126400K, reserved 1179648K
  class space    used 17390K, committed 18560K, reserved 1048576K
}
Event: 68.206 GC heap before
{Heap before GC invocations=62 (full 0):
 garbage-first heap   total 290816K, used 179929K [0x0000000080000000, 0x0000000100000000)
  region size 1024K, 27 young (27648K), 10 survivors (10240K)
 Metaspace       used 127727K, committed 130112K, reserved 1179648K
  class space    used 17912K, committed 19072K, reserved 1048576K
}
Event: 68.223 GC heap after
{Heap after GC invocations=63 (full 0):
 garbage-first heap   total 290816K, used 166787K [0x0000000080000000, 0x0000000100000000)
  region size 1024K, 2 young (2048K), 2 survivors (2048K)
 Metaspace       used 127727K, committed 130112K, reserved 1179648K
  class space    used 17912K, committed 19072K, reserved 1048576K
}
Event: 74.786 GC heap before
{Heap before GC invocations=64 (full 0):
 garbage-first heap   total 290816K, used 248707K [0x0000000080000000, 0x0000000100000000)
  region size 1024K, 86 young (88064K), 2 survivors (2048K)
 Metaspace       used 133044K, committed 135616K, reserved 1179648K
  class space    used 18460K, committed 19712K, reserved 1048576K
}
Event: 74.801 GC heap after
{Heap after GC invocations=65 (full 0):
 garbage-first heap   total 290816K, used 170564K [0x0000000080000000, 0x0000000100000000)
  region size 1024K, 11 young (11264K), 11 survivors (11264K)
 Metaspace       used 133044K, committed 135616K, reserved 1179648K
  class space    used 18460K, committed 19712K, reserved 1048576K
}
Event: 85.400 GC heap before
{Heap before GC invocations=65 (full 0):
 garbage-first heap   total 290816K, used 254532K [0x0000000080000000, 0x0000000100000000)
  region size 1024K, 94 young (96256K), 11 survivors (11264K)
 Metaspace       used 135067K, committed 137536K, reserved 1179648K
  class space    used 18713K, committed 19904K, reserved 1048576K
}
Event: 85.427 GC heap after
{Heap after GC invocations=66 (full 0):
 garbage-first heap   total 290816K, used 169846K [0x0000000080000000, 0x0000000100000000)
  region size 1024K, 11 young (11264K), 11 survivors (11264K)
 Metaspace       used 135067K, committed 137536K, reserved 1179648K
  class space    used 18713K, committed 19904K, reserved 1048576K
}
Event: 86.351 GC heap before
{Heap before GC invocations=66 (full 0):
 garbage-first heap   total 290816K, used 198518K [0x0000000080000000, 0x0000000100000000)
  region size 1024K, 41 young (41984K), 11 survivors (11264K)
 Metaspace       used 135307K, committed 137856K, reserved 1179648K
  class space    used 18735K, committed 19968K, reserved 1048576K
}
Event: 86.362 GC heap after
{Heap after GC invocations=67 (full 0):
 garbage-first heap   total 290816K, used 170935K [0x0000000080000000, 0x0000000100000000)
  region size 1024K, 3 young (3072K), 3 survivors (3072K)
 Metaspace       used 135307K, committed 137856K, reserved 1179648K
  class space    used 18735K, committed 19968K, reserved 1048576K
}
Event: 90.371 GC heap before
{Heap before GC invocations=68 (full 0):
 garbage-first heap   total 290816K, used 247735K [0x0000000080000000, 0x0000000100000000)
  region size 1024K, 91 young (93184K), 3 survivors (3072K)
 Metaspace       used 144811K, committed 147264K, reserved 1179648K
  class space    used 20195K, committed 21376K, reserved 1048576K
}
Event: 90.384 GC heap after
{Heap after GC invocations=69 (full 0):
 garbage-first heap   total 290816K, used 164287K [0x0000000080000000, 0x0000000100000000)
  region size 1024K, 11 young (11264K), 11 survivors (11264K)
 Metaspace       used 144811K, committed 147264K, reserved 1179648K
  class space    used 20195K, committed 21376K, reserved 1048576K
}
Event: 93.558 GC heap before
{Heap before GC invocations=69 (full 0):
 garbage-first heap   total 290816K, used 260543K [0x0000000080000000, 0x0000000100000000)
  region size 1024K, 105 young (107520K), 11 survivors (11264K)
 Metaspace       used 153728K, committed 156224K, reserved 1245184K
  class space    used 21600K, committed 22784K, reserved 1048576K
}
Event: 93.571 GC heap after
{Heap after GC invocations=70 (full 0):
 garbage-first heap   total 290816K, used 148177K [0x0000000080000000, 0x0000000100000000)
  region size 1024K, 3 young (3072K), 3 survivors (3072K)
 Metaspace       used 153728K, committed 156224K, reserved 1245184K
  class space    used 21600K, committed 22784K, reserved 1048576K
}

