# JRE version: OpenJDK Runtime Environment (21.0.8) (build 21.0.8+-14196175-b1038.72)
# Java VM: OpenJDK 64-Bit Server VM (21.0.8+-14196175-b1038.72, mixed mode, tiered, compressed oops, compressed class ptrs, g1 gc, windows-amd64)
GC Precious Log:
 CardTable entry size: 512
 Card Set container configuration: InlinePtr #cards 5 size 8 Array Of Cards #cards 12 size 40 Howl #buckets 4 coarsen threshold 1843 Howl Bitmap #cards 512 size 80 coarsen threshold 460 Card regions per heap region 1 cards per card region 2048
 CPUs: 8 total, 8 available
 Memory: 7103M
 Large Page Support: Disabled
 NUMA Support: Disabled
 Compressed Oops: Enabled (32-bit)
 Heap Region Size: 1M
 Heap Min Capacity: 8M
 Heap Initial Capacity: 112M
 Heap Max Capacity: 2G
 Pre-touch: Disabled
 Parallel Workers: 8
 Concurrent Workers: 2
 Concurrent Refinement Workers: 8
 Periodic GC: Disabled
Heap:
 garbage-first heap   total 235520K, used 168912K [0x0000000080000000, 0x0000000100000000)
  region size 1024K, 35 young (35840K), 7 survivors (7168K)
 Metaspace       used 97577K, committed 99712K, reserved 1179648K
  class space    used 13695K, committed 14720K, reserved 1048576K
GC Heap History (20 events):
Event: 20.856 GC heap before
{Heap before GC invocations=29 (full 0):
 garbage-first heap   total 165888K, used 160568K [0x0000000080000000, 0x0000000100000000)
  region size 1024K, 61 young (62464K), 2 survivors (2048K)
 Metaspace       used 68992K, committed 70720K, reserved 1114112K
  class space    used 9791K, committed 10624K, reserved 1048576K
}
Event: 20.860 GC heap after
{Heap after GC invocations=30 (full 0):
 garbage-first heap   total 165888K, used 102737K [0x0000000080000000, 0x0000000100000000)
  region size 1024K, 4 young (4096K), 4 survivors (4096K)
 Metaspace       used 68992K, committed 70720K, reserved 1114112K
  class space    used 9791K, committed 10624K, reserved 1048576K
}
Event: 21.985 GC heap before
{Heap before GC invocations=30 (full 0):
 garbage-first heap   total 165888K, used 151889K [0x0000000080000000, 0x0000000100000000)
  region size 1024K, 52 young (53248K), 4 survivors (4096K)
 Metaspace       used 75574K, committed 77376K, reserved 1179648K
  class space    used 10778K, committed 11648K, reserved 1048576K
}
Event: 21.990 GC heap after
{Heap after GC invocations=31 (full 0):
 garbage-first heap   total 165888K, used 104178K [0x0000000080000000, 0x0000000100000000)
  region size 1024K, 5 young (5120K), 5 survivors (5120K)
 Metaspace       used 75574K, committed 77376K, reserved 1179648K
  class space    used 10778K, committed 11648K, reserved 1048576K
}
Event: 23.338 GC heap before
{Heap before GC invocations=31 (full 0):
 garbage-first heap   total 165888K, used 151282K [0x0000000080000000, 0x0000000100000000)
  region size 1024K, 51 young (52224K), 5 survivors (5120K)
 Metaspace       used 80089K, committed 81984K, reserved 1179648K
  class space    used 11449K, committed 12352K, reserved 1048576K
}
Event: 23.347 GC heap after
{Heap after GC invocations=32 (full 0):
 garbage-first heap   total 165888K, used 108607K [0x0000000080000000, 0x0000000100000000)
  region size 1024K, 7 young (7168K), 7 survivors (7168K)
 Metaspace       used 80089K, committed 81984K, reserved 1179648K
  class space    used 11449K, committed 12352K, reserved 1048576K
}
Event: 24.189 GC heap before
{Heap before GC invocations=33 (full 0):
 garbage-first heap   total 183296K, used 146495K [0x0000000080000000, 0x0000000100000000)
  region size 1024K, 45 young (46080K), 7 survivors (7168K)
 Metaspace       used 80671K, committed 82560K, reserved 1179648K
  class space    used 11473K, committed 12416K, reserved 1048576K
}
Event: 24.199 GC heap after
{Heap after GC invocations=34 (full 0):
 garbage-first heap   total 183296K, used 112535K [0x0000000080000000, 0x0000000100000000)
  region size 1024K, 5 young (5120K), 5 survivors (5120K)
 Metaspace       used 80671K, committed 82560K, reserved 1179648K
  class space    used 11473K, committed 12416K, reserved 1048576K
}
Event: 24.973 GC heap before
{Heap before GC invocations=34 (full 0):
 garbage-first heap   total 183296K, used 165783K [0x0000000080000000, 0x0000000100000000)
  region size 1024K, 58 young (59392K), 5 survivors (5120K)
 Metaspace       used 80871K, committed 82816K, reserved 1179648K
  class space    used 11473K, committed 12416K, reserved 1048576K
}
Event: 24.980 GC heap after
{Heap after GC invocations=35 (full 0):
 garbage-first heap   total 183296K, used 114607K [0x0000000080000000, 0x0000000100000000)
  region size 1024K, 7 young (7168K), 7 survivors (7168K)
 Metaspace       used 80871K, committed 82816K, reserved 1179648K
  class space    used 11473K, committed 12416K, reserved 1048576K
}
Event: 25.313 GC heap before
{Heap before GC invocations=35 (full 0):
 garbage-first heap   total 183296K, used 133039K [0x0000000080000000, 0x0000000100000000)
  region size 1024K, 27 young (27648K), 7 survivors (7168K)
 Metaspace       used 81053K, committed 83008K, reserved 1179648K
  class space    used 11506K, committed 12480K, reserved 1048576K
}
Event: 25.320 GC heap after
{Heap after GC invocations=36 (full 0):
 garbage-first heap   total 183296K, used 116075K [0x0000000080000000, 0x0000000100000000)
  region size 1024K, 3 young (3072K), 3 survivors (3072K)
 Metaspace       used 81053K, committed 83008K, reserved 1179648K
  class space    used 11506K, committed 12480K, reserved 1048576K
}
Event: 26.305 GC heap before
{Heap before GC invocations=37 (full 0):
 garbage-first heap   total 199680K, used 176491K [0x0000000080000000, 0x0000000100000000)
  region size 1024K, 54 young (55296K), 3 survivors (3072K)
 Metaspace       used 84422K, committed 86464K, reserved 1179648K
  class space    used 11937K, committed 12928K, reserved 1048576K
}
Event: 26.309 GC heap after
{Heap after GC invocations=38 (full 0):
 garbage-first heap   total 199680K, used 131072K [0x0000000080000000, 0x0000000100000000)
  region size 1024K, 7 young (7168K), 7 survivors (7168K)
 Metaspace       used 84422K, committed 86464K, reserved 1179648K
  class space    used 11937K, committed 12928K, reserved 1048576K
}
Event: 27.389 GC heap before
{Heap before GC invocations=38 (full 0):
 garbage-first heap   total 199680K, used 183296K [0x0000000080000000, 0x0000000100000000)
  region size 1024K, 56 young (57344K), 7 survivors (7168K)
 Metaspace       used 89601K, committed 91712K, reserved 1179648K
  class space    used 12651K, committed 13696K, reserved 1048576K
}
Event: 27.402 GC heap after
{Heap after GC invocations=39 (full 0):
 garbage-first heap   total 199680K, used 133777K [0x0000000080000000, 0x0000000100000000)
  region size 1024K, 2 young (2048K), 2 survivors (2048K)
 Metaspace       used 89601K, committed 91712K, reserved 1179648K
  class space    used 12651K, committed 13696K, reserved 1048576K
}
Event: 29.248 GC heap before
{Heap before GC invocations=39 (full 0):
 garbage-first heap   total 199680K, used 166545K [0x0000000080000000, 0x0000000100000000)
  region size 1024K, 35 young (35840K), 2 survivors (2048K)
 Metaspace       used 92940K, committed 94976K, reserved 1179648K
  class space    used 13083K, committed 14080K, reserved 1048576K
}
Event: 29.254 GC heap after
{Heap after GC invocations=40 (full 0):
 garbage-first heap   total 199680K, used 136412K [0x0000000080000000, 0x0000000100000000)
  region size 1024K, 5 young (5120K), 5 survivors (5120K)
 Metaspace       used 92940K, committed 94976K, reserved 1179648K
  class space    used 13083K, committed 14080K, reserved 1048576K
}
Event: 30.941 GC heap before
{Heap before GC invocations=41 (full 0):
 garbage-first heap   total 235520K, used 186588K [0x0000000080000000, 0x0000000100000000)
  region size 1024K, 49 young (50176K), 5 survivors (5120K)
 Metaspace       used 95390K, committed 97472K, reserved 1179648K
  class space    used 13434K, committed 14464K, reserved 1048576K
}
Event: 30.951 GC heap after
{Heap after GC invocations=42 (full 0):
 garbage-first heap   total 235520K, used 141264K [0x0000000080000000, 0x0000000100000000)
  region size 1024K, 7 young (7168K), 7 survivors (7168K)
 Metaspace       used 95390K, committed 97472K, reserved 1179648K
  class space    used 13434K, committed 14464K, reserved 1048576K
}

